20/09/16 09:32:42 WARN NativeCodeLoader: Unable to load native-hadoop library for your platform... using builtin-java classes where applicable
20/09/16 09:32:45 INFO SparkContext: Running Spark version 2.4.5
20/09/16 09:32:46 INFO SparkContext: Submitted application: sparklyr
20/09/16 09:32:46 INFO SecurityManager: Changing view acls to: kerrimac
20/09/16 09:32:46 INFO SecurityManager: Changing modify acls to: kerrimac
20/09/16 09:32:46 INFO SecurityManager: Changing view acls groups to: 
20/09/16 09:32:46 INFO SecurityManager: Changing modify acls groups to: 
20/09/16 09:32:46 INFO SecurityManager: SecurityManager: authentication disabled; ui acls disabled; users  with view permissions: Set(kerrimac); groups with view permissions: Set(); users  with modify permissions: Set(kerrimac); groups with modify permissions: Set()
20/09/16 09:32:47 INFO Utils: Successfully started service 'sparkDriver' on port 49870.
20/09/16 09:32:47 INFO SparkEnv: Registering MapOutputTracker
20/09/16 09:32:47 INFO SparkEnv: Registering BlockManagerMaster
20/09/16 09:32:47 INFO BlockManagerMasterEndpoint: Using org.apache.spark.storage.DefaultTopologyMapper for getting topology information
20/09/16 09:32:47 INFO BlockManagerMasterEndpoint: BlockManagerMasterEndpoint up
20/09/16 09:32:47 INFO DiskBlockManager: Created local directory at /private/var/folders/x0/5r4_kc1577g8lq7dwpp0qdl00000gn/T/blockmgr-38ac1cc4-f78c-40dd-86e5-561ba35c1e97
20/09/16 09:32:47 INFO MemoryStore: MemoryStore started with capacity 912.3 MB
20/09/16 09:32:47 INFO SparkEnv: Registering OutputCommitCoordinator
20/09/16 09:32:48 INFO Utils: Successfully started service 'SparkUI' on port 4040.
20/09/16 09:32:48 INFO SparkUI: Bound SparkUI to 127.0.0.1, and started at http://localhost:4040
20/09/16 09:32:48 INFO SparkContext: Added JAR file:/Library/Frameworks/R.framework/Versions/3.6/Resources/library/sparklyr/java/sparklyr-2.4-2.11.jar at spark://localhost:49870/jars/sparklyr-2.4-2.11.jar with timestamp 1600245168533
20/09/16 09:32:48 INFO Executor: Starting executor ID driver on host localhost
20/09/16 09:32:49 INFO Utils: Successfully started service 'org.apache.spark.network.netty.NettyBlockTransferService' on port 49871.
20/09/16 09:32:49 INFO NettyBlockTransferService: Server created on localhost:49871
20/09/16 09:32:49 INFO BlockManager: Using org.apache.spark.storage.RandomBlockReplicationPolicy for block replication policy
20/09/16 09:32:49 INFO BlockManagerMaster: Registering BlockManager BlockManagerId(driver, localhost, 49871, None)
20/09/16 09:32:49 INFO BlockManagerMasterEndpoint: Registering block manager localhost:49871 with 912.3 MB RAM, BlockManagerId(driver, localhost, 49871, None)
20/09/16 09:32:49 INFO BlockManagerMaster: Registered BlockManager BlockManagerId(driver, localhost, 49871, None)
20/09/16 09:32:49 INFO BlockManager: Initialized BlockManager: BlockManagerId(driver, localhost, 49871, None)
20/09/16 09:32:50 INFO SharedState: loading hive config file: file:/Users/kerrimac/spark/spark-2.4.5-bin-hadoop2.7/conf/hive-site.xml
20/09/16 09:32:50 INFO SharedState: Setting hive.metastore.warehouse.dir ('null') to the value of spark.sql.warehouse.dir ('file:/Users/kerrimac/Desktop/to%20git/Data-project-2/spark-warehouse').
20/09/16 09:32:50 INFO SharedState: Warehouse path is 'file:/Users/kerrimac/Desktop/to%20git/Data-project-2/spark-warehouse'.
20/09/16 09:32:52 INFO StateStoreCoordinatorRef: Registered StateStoreCoordinator endpoint
20/09/16 09:32:58 INFO HiveUtils: Initializing HiveMetastoreConnection version 1.2.1 using Spark classes.
20/09/16 09:33:00 INFO HiveMetaStore: 0: Opening raw store with implemenation class:org.apache.hadoop.hive.metastore.ObjectStore
20/09/16 09:33:01 INFO ObjectStore: ObjectStore, initialize called
20/09/16 09:33:01 INFO Persistence: Property hive.metastore.integral.jdo.pushdown unknown - will be ignored
20/09/16 09:33:01 INFO Persistence: Property datanucleus.cache.level2 unknown - will be ignored
20/09/16 09:33:05 INFO ObjectStore: Setting MetaStore object pin classes with hive.metastore.cache.pinobjtypes="Table,StorageDescriptor,SerDeInfo,Partition,Database,Type,FieldSchema,Order"
20/09/16 09:33:06 INFO Datastore: The class "org.apache.hadoop.hive.metastore.model.MFieldSchema" is tagged as "embedded-only" so does not have its own datastore table.
20/09/16 09:33:06 INFO Datastore: The class "org.apache.hadoop.hive.metastore.model.MOrder" is tagged as "embedded-only" so does not have its own datastore table.
20/09/16 09:33:08 INFO Datastore: The class "org.apache.hadoop.hive.metastore.model.MFieldSchema" is tagged as "embedded-only" so does not have its own datastore table.
20/09/16 09:33:08 INFO Datastore: The class "org.apache.hadoop.hive.metastore.model.MOrder" is tagged as "embedded-only" so does not have its own datastore table.
20/09/16 09:33:08 INFO MetaStoreDirectSql: Using direct SQL, underlying DB is DERBY
20/09/16 09:33:08 INFO ObjectStore: Initialized ObjectStore
20/09/16 09:33:09 WARN ObjectStore: Version information not found in metastore. hive.metastore.schema.verification is not enabled so recording the schema version 1.2.0
20/09/16 09:33:09 WARN ObjectStore: Failed to get database default, returning NoSuchObjectException
20/09/16 09:33:09 INFO HiveMetaStore: Added admin role in metastore
20/09/16 09:33:09 INFO HiveMetaStore: Added public role in metastore
20/09/16 09:33:09 INFO HiveMetaStore: No user is added in admin role, since config is empty
20/09/16 09:33:09 INFO HiveMetaStore: 0: get_all_databases
20/09/16 09:33:09 INFO audit: ugi=kerrimac	ip=unknown-ip-addr	cmd=get_all_databases	
20/09/16 09:33:10 INFO HiveMetaStore: 0: get_functions: db=default pat=*
20/09/16 09:33:10 INFO audit: ugi=kerrimac	ip=unknown-ip-addr	cmd=get_functions: db=default pat=*	
20/09/16 09:33:10 INFO Datastore: The class "org.apache.hadoop.hive.metastore.model.MResourceUri" is tagged as "embedded-only" so does not have its own datastore table.
20/09/16 09:33:10 INFO SessionState: Created HDFS directory: /tmp/hive/kerrimac
20/09/16 09:33:10 INFO SessionState: Created local directory: /var/folders/x0/5r4_kc1577g8lq7dwpp0qdl00000gn/T/kerrimac
20/09/16 09:33:10 INFO SessionState: Created local directory: /var/folders/x0/5r4_kc1577g8lq7dwpp0qdl00000gn/T/49cc6a19-8015-4e92-a651-d13c3e1d877b_resources
20/09/16 09:33:10 INFO SessionState: Created HDFS directory: /tmp/hive/kerrimac/49cc6a19-8015-4e92-a651-d13c3e1d877b
20/09/16 09:33:10 INFO SessionState: Created local directory: /var/folders/x0/5r4_kc1577g8lq7dwpp0qdl00000gn/T/kerrimac/49cc6a19-8015-4e92-a651-d13c3e1d877b
20/09/16 09:33:10 INFO SessionState: Created HDFS directory: /tmp/hive/kerrimac/49cc6a19-8015-4e92-a651-d13c3e1d877b/_tmp_space.db
20/09/16 09:33:10 INFO HiveClientImpl: Warehouse location for Hive client (version 1.2.2) is file:/Users/kerrimac/Desktop/to%20git/Data-project-2/spark-warehouse
20/09/16 09:33:10 INFO HiveMetaStore: 0: get_database: default
20/09/16 09:33:10 INFO audit: ugi=kerrimac	ip=unknown-ip-addr	cmd=get_database: default	
20/09/16 09:33:10 INFO HiveMetaStore: 0: get_database: global_temp
20/09/16 09:33:10 INFO audit: ugi=kerrimac	ip=unknown-ip-addr	cmd=get_database: global_temp	
20/09/16 09:33:10 WARN ObjectStore: Failed to get database global_temp, returning NoSuchObjectException
20/09/16 09:33:10 INFO HiveMetaStore: 0: get_database: default
20/09/16 09:33:10 INFO audit: ugi=kerrimac	ip=unknown-ip-addr	cmd=get_database: default	
20/09/16 09:33:10 INFO HiveMetaStore: 0: get_database: default
20/09/16 09:33:10 INFO audit: ugi=kerrimac	ip=unknown-ip-addr	cmd=get_database: default	
20/09/16 09:33:10 INFO HiveMetaStore: 0: get_tables: db=default pat=*
20/09/16 09:33:10 INFO audit: ugi=kerrimac	ip=unknown-ip-addr	cmd=get_tables: db=default pat=*	
20/09/16 09:33:13 INFO SparkContext: Starting job: collect at utils.scala:44
20/09/16 09:33:13 INFO DAGScheduler: Got job 0 (collect at utils.scala:44) with 1 output partitions
20/09/16 09:33:13 INFO DAGScheduler: Final stage: ResultStage 0 (collect at utils.scala:44)
20/09/16 09:33:13 INFO DAGScheduler: Parents of final stage: List()
20/09/16 09:33:13 INFO DAGScheduler: Missing parents: List()
20/09/16 09:33:13 INFO DAGScheduler: Submitting ResultStage 0 (MapPartitionsRDD[5] at map at utils.scala:41), which has no missing parents
20/09/16 09:33:13 INFO MemoryStore: Block broadcast_0 stored as values in memory (estimated size 7.1 KB, free 912.3 MB)
20/09/16 09:33:13 INFO MemoryStore: Block broadcast_0_piece0 stored as bytes in memory (estimated size 4.1 KB, free 912.3 MB)
20/09/16 09:33:13 INFO BlockManagerInfo: Added broadcast_0_piece0 in memory on localhost:49871 (size: 4.1 KB, free: 912.3 MB)
20/09/16 09:33:13 INFO SparkContext: Created broadcast 0 from broadcast at DAGScheduler.scala:1163
20/09/16 09:33:13 INFO DAGScheduler: Submitting 1 missing tasks from ResultStage 0 (MapPartitionsRDD[5] at map at utils.scala:41) (first 15 tasks are for partitions Vector(0))
20/09/16 09:33:13 INFO TaskSchedulerImpl: Adding task set 0.0 with 1 tasks
20/09/16 09:33:13 INFO TaskSetManager: Starting task 0.0 in stage 0.0 (TID 0, localhost, executor driver, partition 0, PROCESS_LOCAL, 7893 bytes)
20/09/16 09:33:13 INFO Executor: Running task 0.0 in stage 0.0 (TID 0)
20/09/16 09:33:13 INFO Executor: Fetching spark://localhost:49870/jars/sparklyr-2.4-2.11.jar with timestamp 1600245168533
20/09/16 09:33:14 INFO TransportClientFactory: Successfully created connection to localhost/127.0.0.1:49870 after 43 ms (0 ms spent in bootstraps)
20/09/16 09:33:14 INFO Utils: Fetching spark://localhost:49870/jars/sparklyr-2.4-2.11.jar to /private/var/folders/x0/5r4_kc1577g8lq7dwpp0qdl00000gn/T/spark-f3c64017-ff57-4ccf-9aad-10e77389f96d/userFiles-4df2f2d2-9245-48f3-87f3-58c986926570/fetchFileTemp5075471587702069818.tmp
20/09/16 09:33:14 INFO Executor: Adding file:/private/var/folders/x0/5r4_kc1577g8lq7dwpp0qdl00000gn/T/spark-f3c64017-ff57-4ccf-9aad-10e77389f96d/userFiles-4df2f2d2-9245-48f3-87f3-58c986926570/sparklyr-2.4-2.11.jar to class loader
20/09/16 09:33:15 INFO CodeGenerator: Code generated in 547.574136 ms
20/09/16 09:33:15 INFO Executor: Finished task 0.0 in stage 0.0 (TID 0). 1013 bytes result sent to driver
20/09/16 09:33:15 INFO TaskSetManager: Finished task 0.0 in stage 0.0 (TID 0) in 1847 ms on localhost (executor driver) (1/1)
20/09/16 09:33:15 INFO TaskSchedulerImpl: Removed TaskSet 0.0, whose tasks have all completed, from pool 
20/09/16 09:33:15 INFO DAGScheduler: ResultStage 0 (collect at utils.scala:44) finished in 2.458 s
20/09/16 09:33:15 INFO DAGScheduler: Job 0 finished: collect at utils.scala:44, took 2.719294 s
20/09/16 09:33:16 INFO ContextCleaner: Cleaned accumulator 0
20/09/16 09:33:16 INFO BlockManagerInfo: Removed broadcast_0_piece0 on localhost:49871 in memory (size: 4.1 KB, free: 912.3 MB)
20/09/16 09:33:17 INFO CodeGenerator: Code generated in 64.150493 ms
20/09/16 09:33:17 INFO CodeGenerator: Code generated in 57.169607 ms
20/09/16 09:33:18 INFO SparkContext: Starting job: sql at NativeMethodAccessorImpl.java:0
20/09/16 09:33:18 INFO DAGScheduler: Registering RDD 14 (sql at NativeMethodAccessorImpl.java:0) as input to shuffle 0
20/09/16 09:33:18 INFO DAGScheduler: Got job 1 (sql at NativeMethodAccessorImpl.java:0) with 1 output partitions
20/09/16 09:33:18 INFO DAGScheduler: Final stage: ResultStage 2 (sql at NativeMethodAccessorImpl.java:0)
20/09/16 09:33:18 INFO DAGScheduler: Parents of final stage: List(ShuffleMapStage 1)
20/09/16 09:33:18 INFO DAGScheduler: Missing parents: List(ShuffleMapStage 1)
20/09/16 09:33:18 INFO DAGScheduler: Submitting ShuffleMapStage 1 (MapPartitionsRDD[14] at sql at NativeMethodAccessorImpl.java:0), which has no missing parents
20/09/16 09:33:18 INFO MemoryStore: Block broadcast_1 stored as values in memory (estimated size 30.4 KB, free 912.3 MB)
20/09/16 09:33:18 INFO MemoryStore: Block broadcast_1_piece0 stored as bytes in memory (estimated size 12.8 KB, free 912.3 MB)
20/09/16 09:33:18 INFO BlockManagerInfo: Added broadcast_1_piece0 in memory on localhost:49871 (size: 12.8 KB, free: 912.3 MB)
20/09/16 09:33:18 INFO SparkContext: Created broadcast 1 from broadcast at DAGScheduler.scala:1163
20/09/16 09:33:18 INFO DAGScheduler: Submitting 1 missing tasks from ShuffleMapStage 1 (MapPartitionsRDD[14] at sql at NativeMethodAccessorImpl.java:0) (first 15 tasks are for partitions Vector(0))
20/09/16 09:33:18 INFO TaskSchedulerImpl: Adding task set 1.0 with 1 tasks
20/09/16 09:33:18 INFO TaskSetManager: Starting task 0.0 in stage 1.0 (TID 1, localhost, executor driver, partition 0, PROCESS_LOCAL, 9157 bytes)
20/09/16 09:33:18 INFO Executor: Running task 0.0 in stage 1.0 (TID 1)
20/09/16 09:33:18 INFO CodeGenerator: Code generated in 34.794257 ms
20/09/16 09:33:18 INFO CodeGenerator: Code generated in 193.735852 ms
20/09/16 09:33:18 INFO MemoryStore: Block rdd_10_0 stored as values in memory (estimated size 4.2 KB, free 912.3 MB)
20/09/16 09:33:18 INFO BlockManagerInfo: Added rdd_10_0 in memory on localhost:49871 (size: 4.2 KB, free: 912.3 MB)
20/09/16 09:33:18 INFO CodeGenerator: Code generated in 7.540245 ms
20/09/16 09:33:19 INFO Executor: Finished task 0.0 in stage 1.0 (TID 1). 2018 bytes result sent to driver
20/09/16 09:33:19 INFO TaskSetManager: Finished task 0.0 in stage 1.0 (TID 1) in 969 ms on localhost (executor driver) (1/1)
20/09/16 09:33:19 INFO TaskSchedulerImpl: Removed TaskSet 1.0, whose tasks have all completed, from pool 
20/09/16 09:33:19 INFO DAGScheduler: ShuffleMapStage 1 (sql at NativeMethodAccessorImpl.java:0) finished in 1.021 s
20/09/16 09:33:19 INFO DAGScheduler: looking for newly runnable stages
20/09/16 09:33:19 INFO DAGScheduler: running: Set()
20/09/16 09:33:19 INFO DAGScheduler: waiting: Set(ResultStage 2)
20/09/16 09:33:19 INFO DAGScheduler: failed: Set()
20/09/16 09:33:19 INFO DAGScheduler: Submitting ResultStage 2 (MapPartitionsRDD[17] at sql at NativeMethodAccessorImpl.java:0), which has no missing parents
20/09/16 09:33:19 INFO MemoryStore: Block broadcast_2 stored as values in memory (estimated size 7.3 KB, free 912.2 MB)
20/09/16 09:33:19 INFO MemoryStore: Block broadcast_2_piece0 stored as bytes in memory (estimated size 3.9 KB, free 912.2 MB)
20/09/16 09:33:19 INFO BlockManagerInfo: Added broadcast_2_piece0 in memory on localhost:49871 (size: 3.9 KB, free: 912.3 MB)
20/09/16 09:33:19 INFO SparkContext: Created broadcast 2 from broadcast at DAGScheduler.scala:1163
20/09/16 09:33:19 INFO DAGScheduler: Submitting 1 missing tasks from ResultStage 2 (MapPartitionsRDD[17] at sql at NativeMethodAccessorImpl.java:0) (first 15 tasks are for partitions Vector(0))
20/09/16 09:33:19 INFO TaskSchedulerImpl: Adding task set 2.0 with 1 tasks
20/09/16 09:33:19 INFO TaskSetManager: Starting task 0.0 in stage 2.0 (TID 2, localhost, executor driver, partition 0, NODE_LOCAL, 7767 bytes)
20/09/16 09:33:19 INFO Executor: Running task 0.0 in stage 2.0 (TID 2)
20/09/16 09:33:19 INFO ShuffleBlockFetcherIterator: Getting 1 non-empty blocks including 1 local blocks and 0 remote blocks
20/09/16 09:33:19 INFO ShuffleBlockFetcherIterator: Started 0 remote fetches in 128 ms
20/09/16 09:33:19 INFO Executor: Finished task 0.0 in stage 2.0 (TID 2). 1782 bytes result sent to driver
20/09/16 09:33:19 INFO TaskSetManager: Finished task 0.0 in stage 2.0 (TID 2) in 417 ms on localhost (executor driver) (1/1)
20/09/16 09:33:19 INFO TaskSchedulerImpl: Removed TaskSet 2.0, whose tasks have all completed, from pool 
20/09/16 09:33:19 INFO DAGScheduler: ResultStage 2 (sql at NativeMethodAccessorImpl.java:0) finished in 0.442 s
20/09/16 09:33:19 INFO DAGScheduler: Job 1 finished: sql at NativeMethodAccessorImpl.java:0, took 1.603194 s
20/09/16 09:33:19 INFO CodeGenerator: Code generated in 10.215259 ms
20/09/16 09:33:20 INFO SparkContext: Starting job: collect at utils.scala:114
20/09/16 09:33:20 INFO DAGScheduler: Registering RDD 21 (collect at utils.scala:114) as input to shuffle 1
20/09/16 09:33:20 INFO DAGScheduler: Got job 2 (collect at utils.scala:114) with 1 output partitions
20/09/16 09:33:20 INFO DAGScheduler: Final stage: ResultStage 4 (collect at utils.scala:114)
20/09/16 09:33:20 INFO DAGScheduler: Parents of final stage: List(ShuffleMapStage 3)
20/09/16 09:33:20 INFO DAGScheduler: Missing parents: List(ShuffleMapStage 3)
20/09/16 09:33:20 INFO DAGScheduler: Submitting ShuffleMapStage 3 (MapPartitionsRDD[21] at collect at utils.scala:114), which has no missing parents
20/09/16 09:33:20 INFO MemoryStore: Block broadcast_3 stored as values in memory (estimated size 30.4 KB, free 912.2 MB)
20/09/16 09:33:20 INFO MemoryStore: Block broadcast_3_piece0 stored as bytes in memory (estimated size 12.8 KB, free 912.2 MB)
20/09/16 09:33:20 INFO BlockManagerInfo: Added broadcast_3_piece0 in memory on localhost:49871 (size: 12.8 KB, free: 912.3 MB)
20/09/16 09:33:20 INFO SparkContext: Created broadcast 3 from broadcast at DAGScheduler.scala:1163
20/09/16 09:33:20 INFO DAGScheduler: Submitting 1 missing tasks from ShuffleMapStage 3 (MapPartitionsRDD[21] at collect at utils.scala:114) (first 15 tasks are for partitions Vector(0))
20/09/16 09:33:20 INFO TaskSchedulerImpl: Adding task set 3.0 with 1 tasks
20/09/16 09:33:20 INFO TaskSetManager: Starting task 0.0 in stage 3.0 (TID 3, localhost, executor driver, partition 0, PROCESS_LOCAL, 9157 bytes)
20/09/16 09:33:20 INFO Executor: Running task 0.0 in stage 3.0 (TID 3)
20/09/16 09:33:20 INFO BlockManager: Found block rdd_10_0 locally
20/09/16 09:33:20 INFO Executor: Finished task 0.0 in stage 3.0 (TID 3). 2104 bytes result sent to driver
20/09/16 09:33:20 INFO TaskSetManager: Finished task 0.0 in stage 3.0 (TID 3) in 20 ms on localhost (executor driver) (1/1)
20/09/16 09:33:20 INFO TaskSchedulerImpl: Removed TaskSet 3.0, whose tasks have all completed, from pool 
20/09/16 09:33:20 INFO DAGScheduler: ShuffleMapStage 3 (collect at utils.scala:114) finished in 0.038 s
20/09/16 09:33:20 INFO DAGScheduler: looking for newly runnable stages
20/09/16 09:33:20 INFO DAGScheduler: running: Set()
20/09/16 09:33:20 INFO DAGScheduler: waiting: Set(ResultStage 4)
20/09/16 09:33:20 INFO DAGScheduler: failed: Set()
20/09/16 09:33:20 INFO DAGScheduler: Submitting ResultStage 4 (MapPartitionsRDD[24] at collect at utils.scala:114), which has no missing parents
20/09/16 09:33:20 INFO MemoryStore: Block broadcast_4 stored as values in memory (estimated size 7.3 KB, free 912.2 MB)
20/09/16 09:33:20 INFO MemoryStore: Block broadcast_4_piece0 stored as bytes in memory (estimated size 3.9 KB, free 912.2 MB)
20/09/16 09:33:20 INFO BlockManagerInfo: Added broadcast_4_piece0 in memory on localhost:49871 (size: 3.9 KB, free: 912.3 MB)
20/09/16 09:33:20 INFO SparkContext: Created broadcast 4 from broadcast at DAGScheduler.scala:1163
20/09/16 09:33:20 INFO DAGScheduler: Submitting 1 missing tasks from ResultStage 4 (MapPartitionsRDD[24] at collect at utils.scala:114) (first 15 tasks are for partitions Vector(0))
20/09/16 09:33:20 INFO TaskSchedulerImpl: Adding task set 4.0 with 1 tasks
20/09/16 09:33:20 INFO TaskSetManager: Starting task 0.0 in stage 4.0 (TID 4, localhost, executor driver, partition 0, NODE_LOCAL, 7767 bytes)
20/09/16 09:33:20 INFO Executor: Running task 0.0 in stage 4.0 (TID 4)
20/09/16 09:33:20 INFO ShuffleBlockFetcherIterator: Getting 1 non-empty blocks including 1 local blocks and 0 remote blocks
20/09/16 09:33:20 INFO ShuffleBlockFetcherIterator: Started 0 remote fetches in 0 ms
20/09/16 09:33:20 INFO Executor: Finished task 0.0 in stage 4.0 (TID 4). 1782 bytes result sent to driver
20/09/16 09:33:20 INFO TaskSetManager: Finished task 0.0 in stage 4.0 (TID 4) in 8 ms on localhost (executor driver) (1/1)
20/09/16 09:33:20 INFO TaskSchedulerImpl: Removed TaskSet 4.0, whose tasks have all completed, from pool 
20/09/16 09:33:20 INFO DAGScheduler: ResultStage 4 (collect at utils.scala:114) finished in 0.024 s
20/09/16 09:33:20 INFO DAGScheduler: Job 2 finished: collect at utils.scala:114, took 0.070476 s
20/09/16 09:33:20 INFO CodeGenerator: Code generated in 36.91374 ms
20/09/16 09:33:20 INFO CodeGenerator: Code generated in 20.505902 ms
20/09/16 09:33:20 INFO SparkContext: Starting job: count at utils.scala:114
20/09/16 09:33:20 INFO DAGScheduler: Registering RDD 28 (count at utils.scala:114) as input to shuffle 2
20/09/16 09:33:20 INFO DAGScheduler: Got job 3 (count at utils.scala:114) with 1 output partitions
20/09/16 09:33:20 INFO DAGScheduler: Final stage: ResultStage 6 (count at utils.scala:114)
20/09/16 09:33:20 INFO DAGScheduler: Parents of final stage: List(ShuffleMapStage 5)
20/09/16 09:33:20 INFO DAGScheduler: Missing parents: List(ShuffleMapStage 5)
20/09/16 09:33:20 INFO DAGScheduler: Submitting ShuffleMapStage 5 (MapPartitionsRDD[28] at count at utils.scala:114), which has no missing parents
20/09/16 09:33:20 INFO MemoryStore: Block broadcast_5 stored as values in memory (estimated size 27.8 KB, free 912.2 MB)
20/09/16 09:33:20 INFO MemoryStore: Block broadcast_5_piece0 stored as bytes in memory (estimated size 11.8 KB, free 912.2 MB)
20/09/16 09:33:20 INFO BlockManagerInfo: Added broadcast_5_piece0 in memory on localhost:49871 (size: 11.8 KB, free: 912.3 MB)
20/09/16 09:33:20 INFO SparkContext: Created broadcast 5 from broadcast at DAGScheduler.scala:1163
20/09/16 09:33:20 INFO DAGScheduler: Submitting 1 missing tasks from ShuffleMapStage 5 (MapPartitionsRDD[28] at count at utils.scala:114) (first 15 tasks are for partitions Vector(0))
20/09/16 09:33:20 INFO TaskSchedulerImpl: Adding task set 5.0 with 1 tasks
20/09/16 09:33:20 INFO TaskSetManager: Starting task 0.0 in stage 5.0 (TID 5, localhost, executor driver, partition 0, PROCESS_LOCAL, 9157 bytes)
20/09/16 09:33:20 INFO Executor: Running task 0.0 in stage 5.0 (TID 5)
20/09/16 09:33:20 INFO BlockManager: Found block rdd_10_0 locally
20/09/16 09:33:20 INFO Executor: Finished task 0.0 in stage 5.0 (TID 5). 2061 bytes result sent to driver
20/09/16 09:33:20 INFO TaskSetManager: Finished task 0.0 in stage 5.0 (TID 5) in 18 ms on localhost (executor driver) (1/1)
20/09/16 09:33:20 INFO TaskSchedulerImpl: Removed TaskSet 5.0, whose tasks have all completed, from pool 
20/09/16 09:33:20 INFO DAGScheduler: ShuffleMapStage 5 (count at utils.scala:114) finished in 0.035 s
20/09/16 09:33:20 INFO DAGScheduler: looking for newly runnable stages
20/09/16 09:33:20 INFO DAGScheduler: running: Set()
20/09/16 09:33:20 INFO DAGScheduler: waiting: Set(ResultStage 6)
20/09/16 09:33:20 INFO DAGScheduler: failed: Set()
20/09/16 09:33:20 INFO DAGScheduler: Submitting ResultStage 6 (MapPartitionsRDD[31] at count at utils.scala:114), which has no missing parents
20/09/16 09:33:20 INFO MemoryStore: Block broadcast_6 stored as values in memory (estimated size 9.3 KB, free 912.1 MB)
20/09/16 09:33:20 INFO MemoryStore: Block broadcast_6_piece0 stored as bytes in memory (estimated size 4.2 KB, free 912.1 MB)
20/09/16 09:33:20 INFO BlockManagerInfo: Added broadcast_6_piece0 in memory on localhost:49871 (size: 4.2 KB, free: 912.2 MB)
20/09/16 09:33:20 INFO SparkContext: Created broadcast 6 from broadcast at DAGScheduler.scala:1163
20/09/16 09:33:20 INFO DAGScheduler: Submitting 1 missing tasks from ResultStage 6 (MapPartitionsRDD[31] at count at utils.scala:114) (first 15 tasks are for partitions Vector(0))
20/09/16 09:33:20 INFO TaskSchedulerImpl: Adding task set 6.0 with 1 tasks
20/09/16 09:33:20 INFO TaskSetManager: Starting task 0.0 in stage 6.0 (TID 6, localhost, executor driver, partition 0, NODE_LOCAL, 7767 bytes)
20/09/16 09:33:20 INFO Executor: Running task 0.0 in stage 6.0 (TID 6)
20/09/16 09:33:20 INFO ShuffleBlockFetcherIterator: Getting 1 non-empty blocks including 1 local blocks and 0 remote blocks
20/09/16 09:33:20 INFO ShuffleBlockFetcherIterator: Started 0 remote fetches in 0 ms
20/09/16 09:33:20 INFO Executor: Finished task 0.0 in stage 6.0 (TID 6). 2141 bytes result sent to driver
20/09/16 09:33:20 INFO TaskSetManager: Finished task 0.0 in stage 6.0 (TID 6) in 14 ms on localhost (executor driver) (1/1)
20/09/16 09:33:20 INFO TaskSchedulerImpl: Removed TaskSet 6.0, whose tasks have all completed, from pool 
20/09/16 09:33:20 INFO DAGScheduler: ResultStage 6 (count at utils.scala:114) finished in 0.042 s
20/09/16 09:33:20 INFO DAGScheduler: Job 3 finished: count at utils.scala:114, took 0.091326 s
20/09/16 09:33:21 INFO ContextCleaner: Cleaned accumulator 27
20/09/16 09:33:21 INFO ContextCleaner: Cleaned accumulator 188
20/09/16 09:33:21 INFO ContextCleaner: Cleaned accumulator 204
20/09/16 09:33:21 INFO ContextCleaner: Cleaned accumulator 67
20/09/16 09:33:21 INFO ContextCleaner: Cleaned accumulator 216
20/09/16 09:33:21 INFO ContextCleaner: Cleaned accumulator 56
20/09/16 09:33:21 INFO ContextCleaner: Cleaned accumulator 106
20/09/16 09:33:21 INFO ContextCleaner: Cleaned accumulator 81
20/09/16 09:33:21 INFO ContextCleaner: Cleaned accumulator 116
20/09/16 09:33:21 INFO ContextCleaner: Cleaned accumulator 137
20/09/16 09:33:21 INFO ContextCleaner: Cleaned accumulator 190
20/09/16 09:33:21 INFO ContextCleaner: Cleaned accumulator 220
20/09/16 09:33:21 INFO ContextCleaner: Cleaned accumulator 61
20/09/16 09:33:21 INFO ContextCleaner: Cleaned accumulator 231
20/09/16 09:33:21 INFO ContextCleaner: Cleaned accumulator 91
20/09/16 09:33:21 INFO ContextCleaner: Cleaned accumulator 229
20/09/16 09:33:21 INFO ContextCleaner: Cleaned accumulator 115
20/09/16 09:33:21 INFO ContextCleaner: Cleaned accumulator 131
20/09/16 09:33:21 INFO ContextCleaner: Cleaned accumulator 174
20/09/16 09:33:21 INFO ContextCleaner: Cleaned accumulator 101
20/09/16 09:33:21 INFO ContextCleaner: Cleaned accumulator 28
20/09/16 09:33:21 INFO ContextCleaner: Cleaned accumulator 121
20/09/16 09:33:21 INFO ContextCleaner: Cleaned accumulator 29
20/09/16 09:33:21 INFO ContextCleaner: Cleaned accumulator 76
20/09/16 09:33:21 INFO ContextCleaner: Cleaned accumulator 86
20/09/16 09:33:21 INFO ContextCleaner: Cleaned accumulator 177
20/09/16 09:33:21 INFO ContextCleaner: Cleaned accumulator 169
20/09/16 09:33:21 INFO ContextCleaner: Cleaned accumulator 53
20/09/16 09:33:21 INFO ContextCleaner: Cleaned accumulator 93
20/09/16 09:33:21 INFO ContextCleaner: Cleaned accumulator 194
20/09/16 09:33:21 INFO ContextCleaner: Cleaned accumulator 35
20/09/16 09:33:21 INFO ContextCleaner: Cleaned accumulator 123
20/09/16 09:33:21 INFO ContextCleaner: Cleaned accumulator 200
20/09/16 09:33:21 INFO ContextCleaner: Cleaned accumulator 128
20/09/16 09:33:21 INFO ContextCleaner: Cleaned accumulator 96
20/09/16 09:33:21 INFO ContextCleaner: Cleaned accumulator 212
20/09/16 09:33:21 INFO ContextCleaner: Cleaned accumulator 138
20/09/16 09:33:21 INFO ContextCleaner: Cleaned accumulator 219
20/09/16 09:33:21 INFO ContextCleaner: Cleaned accumulator 226
20/09/16 09:33:21 INFO ContextCleaner: Cleaned accumulator 175
20/09/16 09:33:21 INFO ContextCleaner: Cleaned accumulator 225
20/09/16 09:33:21 INFO ContextCleaner: Cleaned accumulator 153
20/09/16 09:33:21 INFO ContextCleaner: Cleaned accumulator 94
20/09/16 09:33:21 INFO ContextCleaner: Cleaned accumulator 52
20/09/16 09:33:21 INFO ContextCleaner: Cleaned accumulator 206
20/09/16 09:33:21 INFO ContextCleaner: Cleaned accumulator 191
20/09/16 09:33:21 INFO ContextCleaner: Cleaned accumulator 145
20/09/16 09:33:21 INFO ContextCleaner: Cleaned accumulator 185
20/09/16 09:33:21 INFO ContextCleaner: Cleaned accumulator 159
20/09/16 09:33:21 INFO ContextCleaner: Cleaned accumulator 217
20/09/16 09:33:21 INFO ContextCleaner: Cleaned accumulator 143
20/09/16 09:33:21 INFO ContextCleaner: Cleaned accumulator 62
20/09/16 09:33:21 INFO ContextCleaner: Cleaned accumulator 84
20/09/16 09:33:21 INFO ContextCleaner: Cleaned accumulator 136
20/09/16 09:33:21 INFO ContextCleaner: Cleaned accumulator 89
20/09/16 09:33:21 INFO BlockManagerInfo: Removed broadcast_5_piece0 on localhost:49871 in memory (size: 11.8 KB, free: 912.3 MB)
20/09/16 09:33:21 INFO HiveMetaStore: 0: get_database: default
20/09/16 09:33:21 INFO ContextCleaner: Cleaned shuffle 2
20/09/16 09:33:21 INFO ContextCleaner: Cleaned accumulator 37
20/09/16 09:33:21 INFO ContextCleaner: Cleaned accumulator 162
20/09/16 09:33:21 INFO ContextCleaner: Cleaned shuffle 1
20/09/16 09:33:21 INFO ContextCleaner: Cleaned accumulator 158
20/09/16 09:33:21 INFO ContextCleaner: Cleaned accumulator 127
20/09/16 09:33:21 INFO ContextCleaner: Cleaned accumulator 54
20/09/16 09:33:21 INFO ContextCleaner: Cleaned accumulator 64
20/09/16 09:33:21 INFO ContextCleaner: Cleaned accumulator 99
20/09/16 09:33:21 INFO ContextCleaner: Cleaned accumulator 38
20/09/16 09:33:21 INFO ContextCleaner: Cleaned accumulator 63
20/09/16 09:33:21 INFO ContextCleaner: Cleaned accumulator 160
20/09/16 09:33:21 INFO ContextCleaner: Cleaned accumulator 87
20/09/16 09:33:21 INFO ContextCleaner: Cleaned accumulator 50
20/09/16 09:33:21 INFO ContextCleaner: Cleaned accumulator 168
20/09/16 09:33:21 INFO ContextCleaner: Cleaned accumulator 201
20/09/16 09:33:21 INFO ContextCleaner: Cleaned accumulator 192
20/09/16 09:33:21 INFO ContextCleaner: Cleaned accumulator 176
20/09/16 09:33:21 INFO ContextCleaner: Cleaned accumulator 30
20/09/16 09:33:21 INFO ContextCleaner: Cleaned accumulator 112
20/09/16 09:33:21 INFO ContextCleaner: Cleaned accumulator 59
20/09/16 09:33:21 INFO ContextCleaner: Cleaned accumulator 172
20/09/16 09:33:21 INFO ContextCleaner: Cleaned accumulator 129
20/09/16 09:33:21 INFO BlockManagerInfo: Removed broadcast_3_piece0 on localhost:49871 in memory (size: 12.8 KB, free: 912.3 MB)
20/09/16 09:33:21 INFO audit: ugi=kerrimac	ip=unknown-ip-addr	cmd=get_database: default	
20/09/16 09:33:21 INFO ContextCleaner: Cleaned accumulator 181
20/09/16 09:33:21 INFO ContextCleaner: Cleaned accumulator 197
20/09/16 09:33:21 INFO ContextCleaner: Cleaned accumulator 77
20/09/16 09:33:21 INFO ContextCleaner: Cleaned accumulator 164
20/09/16 09:33:21 INFO ContextCleaner: Cleaned accumulator 149
20/09/16 09:33:21 INFO ContextCleaner: Cleaned accumulator 78
20/09/16 09:33:21 INFO ContextCleaner: Cleaned accumulator 148
20/09/16 09:33:21 INFO ContextCleaner: Cleaned accumulator 227
20/09/16 09:33:21 INFO ContextCleaner: Cleaned accumulator 44
20/09/16 09:33:21 INFO ContextCleaner: Cleaned accumulator 142
20/09/16 09:33:21 INFO ContextCleaner: Cleaned accumulator 95
20/09/16 09:33:21 INFO ContextCleaner: Cleaned accumulator 224
20/09/16 09:33:21 INFO ContextCleaner: Cleaned accumulator 66
20/09/16 09:33:21 INFO ContextCleaner: Cleaned accumulator 118
20/09/16 09:33:21 INFO ContextCleaner: Cleaned accumulator 41
20/09/16 09:33:21 INFO ContextCleaner: Cleaned accumulator 215
20/09/16 09:33:21 INFO ContextCleaner: Cleaned accumulator 98
20/09/16 09:33:21 INFO ContextCleaner: Cleaned accumulator 113
20/09/16 09:33:21 INFO ContextCleaner: Cleaned accumulator 70
20/09/16 09:33:21 INFO BlockManagerInfo: Removed broadcast_1_piece0 on localhost:49871 in memory (size: 12.8 KB, free: 912.3 MB)
20/09/16 09:33:21 INFO ContextCleaner: Cleaned accumulator 92
20/09/16 09:33:21 INFO ContextCleaner: Cleaned accumulator 152
20/09/16 09:33:21 INFO ContextCleaner: Cleaned accumulator 144
20/09/16 09:33:21 INFO ContextCleaner: Cleaned accumulator 213
20/09/16 09:33:21 INFO ContextCleaner: Cleaned accumulator 178
20/09/16 09:33:21 INFO ContextCleaner: Cleaned accumulator 34
20/09/16 09:33:21 INFO ContextCleaner: Cleaned accumulator 140
20/09/16 09:33:21 INFO ContextCleaner: Cleaned accumulator 228
20/09/16 09:33:21 INFO ContextCleaner: Cleaned accumulator 166
20/09/16 09:33:21 INFO ContextCleaner: Cleaned accumulator 46
20/09/16 09:33:21 INFO ContextCleaner: Cleaned accumulator 45
20/09/16 09:33:21 INFO ContextCleaner: Cleaned accumulator 47
20/09/16 09:33:21 INFO ContextCleaner: Cleaned accumulator 184
20/09/16 09:33:21 INFO ContextCleaner: Cleaned accumulator 222
20/09/16 09:33:21 INFO ContextCleaner: Cleaned accumulator 117
20/09/16 09:33:21 INFO ContextCleaner: Cleaned accumulator 161
20/09/16 09:33:21 INFO ContextCleaner: Cleaned accumulator 198
20/09/16 09:33:21 INFO ContextCleaner: Cleaned accumulator 167
20/09/16 09:33:21 INFO ContextCleaner: Cleaned accumulator 126
20/09/16 09:33:21 INFO ContextCleaner: Cleaned accumulator 189
20/09/16 09:33:21 INFO ContextCleaner: Cleaned accumulator 49
20/09/16 09:33:21 INFO ContextCleaner: Cleaned accumulator 97
20/09/16 09:33:21 INFO ContextCleaner: Cleaned accumulator 180
20/09/16 09:33:21 INFO ContextCleaner: Cleaned accumulator 42
20/09/16 09:33:21 INFO ContextCleaner: Cleaned accumulator 82
20/09/16 09:33:21 INFO ContextCleaner: Cleaned accumulator 90
20/09/16 09:33:21 INFO ContextCleaner: Cleaned accumulator 223
20/09/16 09:33:21 INFO ContextCleaner: Cleaned accumulator 105
20/09/16 09:33:21 INFO ContextCleaner: Cleaned accumulator 139
20/09/16 09:33:21 INFO ContextCleaner: Cleaned accumulator 150
20/09/16 09:33:21 INFO ContextCleaner: Cleaned accumulator 32
20/09/16 09:33:21 INFO HiveMetaStore: 0: get_database: default
20/09/16 09:33:21 INFO audit: ugi=kerrimac	ip=unknown-ip-addr	cmd=get_database: default	
20/09/16 09:33:21 INFO HiveMetaStore: 0: get_tables: db=default pat=*
20/09/16 09:33:21 INFO audit: ugi=kerrimac	ip=unknown-ip-addr	cmd=get_tables: db=default pat=*	
20/09/16 09:33:21 INFO BlockManagerInfo: Removed broadcast_4_piece0 on localhost:49871 in memory (size: 3.9 KB, free: 912.3 MB)
20/09/16 09:33:21 INFO ContextCleaner: Cleaned accumulator 111
20/09/16 09:33:21 INFO ContextCleaner: Cleaned accumulator 110
20/09/16 09:33:21 INFO ContextCleaner: Cleaned accumulator 214
20/09/16 09:33:21 INFO ContextCleaner: Cleaned accumulator 235
20/09/16 09:33:21 INFO ContextCleaner: Cleaned accumulator 221
20/09/16 09:33:21 INFO ContextCleaner: Cleaned accumulator 48
20/09/16 09:33:21 INFO ContextCleaner: Cleaned accumulator 134
20/09/16 09:33:21 INFO ContextCleaner: Cleaned accumulator 156
20/09/16 09:33:21 INFO ContextCleaner: Cleaned accumulator 203
20/09/16 09:33:21 INFO ContextCleaner: Cleaned accumulator 60
20/09/16 09:33:21 INFO ContextCleaner: Cleaned accumulator 122
20/09/16 09:33:21 INFO ContextCleaner: Cleaned accumulator 120
20/09/16 09:33:21 INFO ContextCleaner: Cleaned accumulator 147
20/09/16 09:33:21 INFO ContextCleaner: Cleaned accumulator 183
20/09/16 09:33:21 INFO ContextCleaner: Cleaned accumulator 79
20/09/16 09:33:21 INFO ContextCleaner: Cleaned accumulator 195
20/09/16 09:33:21 INFO ContextCleaner: Cleaned accumulator 85
20/09/16 09:33:21 INFO ContextCleaner: Cleaned accumulator 193
20/09/16 09:33:21 INFO ContextCleaner: Cleaned accumulator 230
20/09/16 09:33:21 INFO ContextCleaner: Cleaned accumulator 114
20/09/16 09:33:21 INFO ContextCleaner: Cleaned accumulator 80
20/09/16 09:33:21 INFO ContextCleaner: Cleaned accumulator 100
20/09/16 09:33:21 INFO ContextCleaner: Cleaned shuffle 0
20/09/16 09:33:21 INFO ContextCleaner: Cleaned accumulator 196
20/09/16 09:33:21 INFO ContextCleaner: Cleaned accumulator 104
20/09/16 09:33:21 INFO ContextCleaner: Cleaned accumulator 65
20/09/16 09:33:21 INFO ContextCleaner: Cleaned accumulator 157
20/09/16 09:33:21 INFO ContextCleaner: Cleaned accumulator 103
20/09/16 09:33:21 INFO ContextCleaner: Cleaned accumulator 69
20/09/16 09:33:21 INFO ContextCleaner: Cleaned accumulator 102
20/09/16 09:33:21 INFO ContextCleaner: Cleaned accumulator 72
20/09/16 09:33:21 INFO ContextCleaner: Cleaned accumulator 107
20/09/16 09:33:21 INFO ContextCleaner: Cleaned accumulator 57
20/09/16 09:33:21 INFO ContextCleaner: Cleaned accumulator 55
20/09/16 09:33:21 INFO ContextCleaner: Cleaned accumulator 88
20/09/16 09:33:21 INFO ContextCleaner: Cleaned accumulator 130
20/09/16 09:33:21 INFO ContextCleaner: Cleaned accumulator 163
20/09/16 09:33:21 INFO ContextCleaner: Cleaned accumulator 109
20/09/16 09:33:21 INFO ContextCleaner: Cleaned accumulator 39
20/09/16 09:33:21 INFO ContextCleaner: Cleaned accumulator 155
20/09/16 09:33:21 INFO ContextCleaner: Cleaned accumulator 31
20/09/16 09:33:21 INFO ContextCleaner: Cleaned accumulator 182
20/09/16 09:33:21 INFO ContextCleaner: Cleaned accumulator 186
20/09/16 09:33:21 INFO ContextCleaner: Cleaned accumulator 202
20/09/16 09:33:21 INFO ContextCleaner: Cleaned accumulator 51
20/09/16 09:33:21 INFO ContextCleaner: Cleaned accumulator 146
20/09/16 09:33:21 INFO ContextCleaner: Cleaned accumulator 36
20/09/16 09:33:21 INFO ContextCleaner: Cleaned accumulator 68
20/09/16 09:33:21 INFO ContextCleaner: Cleaned accumulator 125
20/09/16 09:33:21 INFO ContextCleaner: Cleaned accumulator 179
20/09/16 09:33:21 INFO ContextCleaner: Cleaned accumulator 233
20/09/16 09:33:21 INFO ContextCleaner: Cleaned accumulator 141
20/09/16 09:33:21 INFO ContextCleaner: Cleaned accumulator 40
20/09/16 09:33:21 INFO ContextCleaner: Cleaned accumulator 124
20/09/16 09:33:21 INFO ContextCleaner: Cleaned accumulator 218
20/09/16 09:33:21 INFO ContextCleaner: Cleaned accumulator 234
20/09/16 09:33:21 INFO ContextCleaner: Cleaned accumulator 205
20/09/16 09:33:21 INFO ContextCleaner: Cleaned accumulator 71
20/09/16 09:33:21 INFO ContextCleaner: Cleaned accumulator 135
20/09/16 09:33:21 INFO ContextCleaner: Cleaned accumulator 119
20/09/16 09:33:21 INFO ContextCleaner: Cleaned accumulator 132
20/09/16 09:33:21 INFO ContextCleaner: Cleaned accumulator 73
20/09/16 09:33:21 INFO ContextCleaner: Cleaned accumulator 209
20/09/16 09:33:21 INFO ContextCleaner: Cleaned accumulator 170
20/09/16 09:33:21 INFO ContextCleaner: Cleaned accumulator 74
20/09/16 09:33:21 INFO ContextCleaner: Cleaned accumulator 171
20/09/16 09:33:21 INFO ContextCleaner: Cleaned accumulator 133
20/09/16 09:33:21 INFO ContextCleaner: Cleaned accumulator 173
20/09/16 09:33:21 INFO ContextCleaner: Cleaned accumulator 58
20/09/16 09:33:21 INFO ContextCleaner: Cleaned accumulator 165
20/09/16 09:33:21 INFO BlockManagerInfo: Removed broadcast_6_piece0 on localhost:49871 in memory (size: 4.2 KB, free: 912.3 MB)
20/09/16 09:33:21 INFO ContextCleaner: Cleaned accumulator 151
20/09/16 09:33:21 INFO ContextCleaner: Cleaned accumulator 187
20/09/16 09:33:21 INFO ContextCleaner: Cleaned accumulator 83
20/09/16 09:33:21 INFO ContextCleaner: Cleaned accumulator 75
20/09/16 09:33:21 INFO BlockManagerInfo: Removed broadcast_2_piece0 on localhost:49871 in memory (size: 3.9 KB, free: 912.3 MB)
20/09/16 09:33:21 INFO ContextCleaner: Cleaned accumulator 108
20/09/16 09:33:21 INFO ContextCleaner: Cleaned accumulator 154
20/09/16 09:33:21 INFO ContextCleaner: Cleaned accumulator 199
20/09/16 09:33:21 INFO ContextCleaner: Cleaned accumulator 210
20/09/16 09:33:21 INFO ContextCleaner: Cleaned accumulator 208
20/09/16 09:33:21 INFO ContextCleaner: Cleaned accumulator 207
20/09/16 09:33:21 INFO ContextCleaner: Cleaned accumulator 211
20/09/16 09:33:21 INFO ContextCleaner: Cleaned accumulator 33
20/09/16 09:33:21 INFO ContextCleaner: Cleaned accumulator 232
20/09/16 09:33:21 INFO CodeGenerator: Code generated in 22.640931 ms
20/09/16 09:33:21 INFO CodeGenerator: Code generated in 21.583557 ms
20/09/16 09:33:21 INFO CodeGenerator: Code generated in 14.241524 ms
20/09/16 09:33:21 INFO CodeGenerator: Code generated in 24.574942 ms
20/09/16 09:33:21 INFO SparkContext: Starting job: count at utils.scala:114
20/09/16 09:33:21 INFO DAGScheduler: Registering RDD 35 (count at utils.scala:114) as input to shuffle 3
20/09/16 09:33:21 INFO DAGScheduler: Got job 4 (count at utils.scala:114) with 1 output partitions
20/09/16 09:33:21 INFO DAGScheduler: Final stage: ResultStage 8 (count at utils.scala:114)
20/09/16 09:33:21 INFO DAGScheduler: Parents of final stage: List(ShuffleMapStage 7)
20/09/16 09:33:21 INFO DAGScheduler: Missing parents: List(ShuffleMapStage 7)
20/09/16 09:33:21 INFO DAGScheduler: Submitting ShuffleMapStage 7 (MapPartitionsRDD[35] at count at utils.scala:114), which has no missing parents
20/09/16 09:33:21 INFO MemoryStore: Block broadcast_7 stored as values in memory (estimated size 8.0 KB, free 912.3 MB)
20/09/16 09:33:21 INFO MemoryStore: Block broadcast_7_piece0 stored as bytes in memory (estimated size 4.3 KB, free 912.3 MB)
20/09/16 09:33:21 INFO BlockManagerInfo: Added broadcast_7_piece0 in memory on localhost:49871 (size: 4.3 KB, free: 912.3 MB)
20/09/16 09:33:21 INFO SparkContext: Created broadcast 7 from broadcast at DAGScheduler.scala:1163
20/09/16 09:33:21 INFO DAGScheduler: Submitting 1 missing tasks from ShuffleMapStage 7 (MapPartitionsRDD[35] at count at utils.scala:114) (first 15 tasks are for partitions Vector(0))
20/09/16 09:33:21 INFO TaskSchedulerImpl: Adding task set 7.0 with 1 tasks
20/09/16 09:33:21 INFO TaskSetManager: Starting task 0.0 in stage 7.0 (TID 7, localhost, executor driver, partition 0, PROCESS_LOCAL, 8017 bytes)
20/09/16 09:33:21 INFO Executor: Running task 0.0 in stage 7.0 (TID 7)
20/09/16 09:33:21 INFO Executor: Finished task 0.0 in stage 7.0 (TID 7). 1499 bytes result sent to driver
20/09/16 09:33:21 INFO TaskSetManager: Finished task 0.0 in stage 7.0 (TID 7) in 17 ms on localhost (executor driver) (1/1)
20/09/16 09:33:21 INFO TaskSchedulerImpl: Removed TaskSet 7.0, whose tasks have all completed, from pool 
20/09/16 09:33:21 INFO DAGScheduler: ShuffleMapStage 7 (count at utils.scala:114) finished in 0.033 s
20/09/16 09:33:21 INFO DAGScheduler: looking for newly runnable stages
20/09/16 09:33:21 INFO DAGScheduler: running: Set()
20/09/16 09:33:21 INFO DAGScheduler: waiting: Set(ResultStage 8)
20/09/16 09:33:21 INFO DAGScheduler: failed: Set()
20/09/16 09:33:21 INFO DAGScheduler: Submitting ResultStage 8 (MapPartitionsRDD[38] at count at utils.scala:114), which has no missing parents
20/09/16 09:33:21 INFO MemoryStore: Block broadcast_8 stored as values in memory (estimated size 7.3 KB, free 912.3 MB)
20/09/16 09:33:21 INFO MemoryStore: Block broadcast_8_piece0 stored as bytes in memory (estimated size 3.9 KB, free 912.3 MB)
20/09/16 09:33:21 INFO BlockManagerInfo: Added broadcast_8_piece0 in memory on localhost:49871 (size: 3.9 KB, free: 912.3 MB)
20/09/16 09:33:21 INFO SparkContext: Created broadcast 8 from broadcast at DAGScheduler.scala:1163
20/09/16 09:33:21 INFO DAGScheduler: Submitting 1 missing tasks from ResultStage 8 (MapPartitionsRDD[38] at count at utils.scala:114) (first 15 tasks are for partitions Vector(0))
20/09/16 09:33:21 INFO TaskSchedulerImpl: Adding task set 8.0 with 1 tasks
20/09/16 09:33:21 INFO TaskSetManager: Starting task 0.0 in stage 8.0 (TID 8, localhost, executor driver, partition 0, NODE_LOCAL, 7767 bytes)
20/09/16 09:33:21 INFO Executor: Running task 0.0 in stage 8.0 (TID 8)
20/09/16 09:33:21 INFO ShuffleBlockFetcherIterator: Getting 1 non-empty blocks including 1 local blocks and 0 remote blocks
20/09/16 09:33:21 INFO ShuffleBlockFetcherIterator: Started 0 remote fetches in 1 ms
20/09/16 09:33:21 INFO Executor: Finished task 0.0 in stage 8.0 (TID 8). 1782 bytes result sent to driver
20/09/16 09:33:21 INFO TaskSetManager: Finished task 0.0 in stage 8.0 (TID 8) in 14 ms on localhost (executor driver) (1/1)
20/09/16 09:33:21 INFO TaskSchedulerImpl: Removed TaskSet 8.0, whose tasks have all completed, from pool 
20/09/16 09:33:21 INFO DAGScheduler: ResultStage 8 (count at utils.scala:114) finished in 0.032 s
20/09/16 09:33:21 INFO DAGScheduler: Job 4 finished: count at utils.scala:114, took 0.072759 s
20/09/16 09:33:21 INFO HiveMetaStore: 0: get_database: default
20/09/16 09:33:21 INFO audit: ugi=kerrimac	ip=unknown-ip-addr	cmd=get_database: default	
20/09/16 09:33:21 INFO HiveMetaStore: 0: get_database: default
20/09/16 09:33:21 INFO audit: ugi=kerrimac	ip=unknown-ip-addr	cmd=get_database: default	
20/09/16 09:33:21 INFO HiveMetaStore: 0: get_tables: db=default pat=*
20/09/16 09:33:21 INFO audit: ugi=kerrimac	ip=unknown-ip-addr	cmd=get_tables: db=default pat=*	
20/09/16 09:33:21 INFO SparkContext: Starting job: count at utils.scala:114
20/09/16 09:33:21 INFO DAGScheduler: Registering RDD 42 (count at utils.scala:114) as input to shuffle 4
20/09/16 09:33:21 INFO DAGScheduler: Got job 5 (count at utils.scala:114) with 1 output partitions
20/09/16 09:33:21 INFO DAGScheduler: Final stage: ResultStage 10 (count at utils.scala:114)
20/09/16 09:33:21 INFO DAGScheduler: Parents of final stage: List(ShuffleMapStage 9)
20/09/16 09:33:21 INFO DAGScheduler: Missing parents: List(ShuffleMapStage 9)
20/09/16 09:33:21 INFO DAGScheduler: Submitting ShuffleMapStage 9 (MapPartitionsRDD[42] at count at utils.scala:114), which has no missing parents
20/09/16 09:33:21 INFO MemoryStore: Block broadcast_9 stored as values in memory (estimated size 8.0 KB, free 912.3 MB)
20/09/16 09:33:21 INFO MemoryStore: Block broadcast_9_piece0 stored as bytes in memory (estimated size 4.3 KB, free 912.3 MB)
20/09/16 09:33:21 INFO BlockManagerInfo: Added broadcast_9_piece0 in memory on localhost:49871 (size: 4.3 KB, free: 912.3 MB)
20/09/16 09:33:21 INFO SparkContext: Created broadcast 9 from broadcast at DAGScheduler.scala:1163
20/09/16 09:33:21 INFO DAGScheduler: Submitting 1 missing tasks from ShuffleMapStage 9 (MapPartitionsRDD[42] at count at utils.scala:114) (first 15 tasks are for partitions Vector(0))
20/09/16 09:33:21 INFO TaskSchedulerImpl: Adding task set 9.0 with 1 tasks
20/09/16 09:33:21 INFO TaskSetManager: Starting task 0.0 in stage 9.0 (TID 9, localhost, executor driver, partition 0, PROCESS_LOCAL, 8017 bytes)
20/09/16 09:33:21 INFO Executor: Running task 0.0 in stage 9.0 (TID 9)
20/09/16 09:33:21 INFO Executor: Finished task 0.0 in stage 9.0 (TID 9). 1499 bytes result sent to driver
20/09/16 09:33:21 INFO TaskSetManager: Finished task 0.0 in stage 9.0 (TID 9) in 9 ms on localhost (executor driver) (1/1)
20/09/16 09:33:21 INFO TaskSchedulerImpl: Removed TaskSet 9.0, whose tasks have all completed, from pool 
20/09/16 09:33:21 INFO DAGScheduler: ShuffleMapStage 9 (count at utils.scala:114) finished in 0.025 s
20/09/16 09:33:21 INFO DAGScheduler: looking for newly runnable stages
20/09/16 09:33:21 INFO DAGScheduler: running: Set()
20/09/16 09:33:21 INFO DAGScheduler: waiting: Set(ResultStage 10)
20/09/16 09:33:21 INFO DAGScheduler: failed: Set()
20/09/16 09:33:21 INFO DAGScheduler: Submitting ResultStage 10 (MapPartitionsRDD[45] at count at utils.scala:114), which has no missing parents
20/09/16 09:33:21 INFO MemoryStore: Block broadcast_10 stored as values in memory (estimated size 7.3 KB, free 912.3 MB)
20/09/16 09:33:21 INFO MemoryStore: Block broadcast_10_piece0 stored as bytes in memory (estimated size 3.9 KB, free 912.3 MB)
20/09/16 09:33:21 INFO BlockManagerInfo: Added broadcast_10_piece0 in memory on localhost:49871 (size: 3.9 KB, free: 912.3 MB)
20/09/16 09:33:21 INFO SparkContext: Created broadcast 10 from broadcast at DAGScheduler.scala:1163
20/09/16 09:33:21 INFO DAGScheduler: Submitting 1 missing tasks from ResultStage 10 (MapPartitionsRDD[45] at count at utils.scala:114) (first 15 tasks are for partitions Vector(0))
20/09/16 09:33:21 INFO TaskSchedulerImpl: Adding task set 10.0 with 1 tasks
20/09/16 09:33:21 INFO TaskSetManager: Starting task 0.0 in stage 10.0 (TID 10, localhost, executor driver, partition 0, NODE_LOCAL, 7767 bytes)
20/09/16 09:33:21 INFO Executor: Running task 0.0 in stage 10.0 (TID 10)
20/09/16 09:33:21 INFO ShuffleBlockFetcherIterator: Getting 1 non-empty blocks including 1 local blocks and 0 remote blocks
20/09/16 09:33:21 INFO ShuffleBlockFetcherIterator: Started 0 remote fetches in 0 ms
20/09/16 09:33:21 INFO Executor: Finished task 0.0 in stage 10.0 (TID 10). 1782 bytes result sent to driver
20/09/16 09:33:21 INFO TaskSetManager: Finished task 0.0 in stage 10.0 (TID 10) in 7 ms on localhost (executor driver) (1/1)
20/09/16 09:33:21 INFO TaskSchedulerImpl: Removed TaskSet 10.0, whose tasks have all completed, from pool 
20/09/16 09:33:21 INFO DAGScheduler: ResultStage 10 (count at utils.scala:114) finished in 0.018 s
20/09/16 09:33:21 INFO DAGScheduler: Job 5 finished: count at utils.scala:114, took 0.053708 s
20/09/16 09:33:21 INFO HiveMetaStore: 0: get_database: default
20/09/16 09:33:21 INFO audit: ugi=kerrimac	ip=unknown-ip-addr	cmd=get_database: default	
20/09/16 09:33:21 INFO HiveMetaStore: 0: get_database: default
20/09/16 09:33:21 INFO audit: ugi=kerrimac	ip=unknown-ip-addr	cmd=get_database: default	
20/09/16 09:33:21 INFO HiveMetaStore: 0: get_tables: db=default pat=*
20/09/16 09:33:21 INFO audit: ugi=kerrimac	ip=unknown-ip-addr	cmd=get_tables: db=default pat=*	
20/09/16 09:33:22 INFO SparkContext: Starting job: count at utils.scala:114
20/09/16 09:33:22 INFO DAGScheduler: Registering RDD 49 (count at utils.scala:114) as input to shuffle 5
20/09/16 09:33:22 INFO DAGScheduler: Got job 6 (count at utils.scala:114) with 1 output partitions
20/09/16 09:33:22 INFO DAGScheduler: Final stage: ResultStage 12 (count at utils.scala:114)
20/09/16 09:33:22 INFO DAGScheduler: Parents of final stage: List(ShuffleMapStage 11)
20/09/16 09:33:22 INFO DAGScheduler: Missing parents: List(ShuffleMapStage 11)
20/09/16 09:33:22 INFO DAGScheduler: Submitting ShuffleMapStage 11 (MapPartitionsRDD[49] at count at utils.scala:114), which has no missing parents
20/09/16 09:33:22 INFO MemoryStore: Block broadcast_11 stored as values in memory (estimated size 8.0 KB, free 912.2 MB)
20/09/16 09:33:22 INFO MemoryStore: Block broadcast_11_piece0 stored as bytes in memory (estimated size 4.3 KB, free 912.2 MB)
20/09/16 09:33:22 INFO BlockManagerInfo: Added broadcast_11_piece0 in memory on localhost:49871 (size: 4.3 KB, free: 912.3 MB)
20/09/16 09:33:22 INFO SparkContext: Created broadcast 11 from broadcast at DAGScheduler.scala:1163
20/09/16 09:33:22 INFO DAGScheduler: Submitting 1 missing tasks from ShuffleMapStage 11 (MapPartitionsRDD[49] at count at utils.scala:114) (first 15 tasks are for partitions Vector(0))
20/09/16 09:33:22 INFO TaskSchedulerImpl: Adding task set 11.0 with 1 tasks
20/09/16 09:33:22 INFO TaskSetManager: Starting task 0.0 in stage 11.0 (TID 11, localhost, executor driver, partition 0, PROCESS_LOCAL, 8017 bytes)
20/09/16 09:33:22 INFO Executor: Running task 0.0 in stage 11.0 (TID 11)
20/09/16 09:33:22 INFO Executor: Finished task 0.0 in stage 11.0 (TID 11). 1499 bytes result sent to driver
20/09/16 09:33:22 INFO TaskSetManager: Finished task 0.0 in stage 11.0 (TID 11) in 8 ms on localhost (executor driver) (1/1)
20/09/16 09:33:22 INFO TaskSchedulerImpl: Removed TaskSet 11.0, whose tasks have all completed, from pool 
20/09/16 09:33:22 INFO DAGScheduler: ShuffleMapStage 11 (count at utils.scala:114) finished in 0.017 s
20/09/16 09:33:22 INFO DAGScheduler: looking for newly runnable stages
20/09/16 09:33:22 INFO DAGScheduler: running: Set()
20/09/16 09:33:22 INFO DAGScheduler: waiting: Set(ResultStage 12)
20/09/16 09:33:22 INFO DAGScheduler: failed: Set()
20/09/16 09:33:22 INFO DAGScheduler: Submitting ResultStage 12 (MapPartitionsRDD[52] at count at utils.scala:114), which has no missing parents
20/09/16 09:33:22 INFO MemoryStore: Block broadcast_12 stored as values in memory (estimated size 7.3 KB, free 912.2 MB)
20/09/16 09:33:22 INFO MemoryStore: Block broadcast_12_piece0 stored as bytes in memory (estimated size 3.9 KB, free 912.2 MB)
20/09/16 09:33:22 INFO BlockManagerInfo: Added broadcast_12_piece0 in memory on localhost:49871 (size: 3.9 KB, free: 912.3 MB)
20/09/16 09:33:22 INFO SparkContext: Created broadcast 12 from broadcast at DAGScheduler.scala:1163
20/09/16 09:33:22 INFO DAGScheduler: Submitting 1 missing tasks from ResultStage 12 (MapPartitionsRDD[52] at count at utils.scala:114) (first 15 tasks are for partitions Vector(0))
20/09/16 09:33:22 INFO TaskSchedulerImpl: Adding task set 12.0 with 1 tasks
20/09/16 09:33:22 INFO TaskSetManager: Starting task 0.0 in stage 12.0 (TID 12, localhost, executor driver, partition 0, NODE_LOCAL, 7767 bytes)
20/09/16 09:33:22 INFO Executor: Running task 0.0 in stage 12.0 (TID 12)
20/09/16 09:33:22 INFO ShuffleBlockFetcherIterator: Getting 1 non-empty blocks including 1 local blocks and 0 remote blocks
20/09/16 09:33:22 INFO ShuffleBlockFetcherIterator: Started 0 remote fetches in 0 ms
20/09/16 09:33:22 INFO Executor: Finished task 0.0 in stage 12.0 (TID 12). 1782 bytes result sent to driver
20/09/16 09:33:22 INFO TaskSetManager: Finished task 0.0 in stage 12.0 (TID 12) in 8 ms on localhost (executor driver) (1/1)
20/09/16 09:33:22 INFO TaskSchedulerImpl: Removed TaskSet 12.0, whose tasks have all completed, from pool 
20/09/16 09:33:22 INFO DAGScheduler: ResultStage 12 (count at utils.scala:114) finished in 0.018 s
20/09/16 09:33:22 INFO DAGScheduler: Job 6 finished: count at utils.scala:114, took 0.041938 s
20/09/16 09:34:44 INFO SparkContext: Invoking stop() from shutdown hook
20/09/16 09:34:44 INFO SparkUI: Stopped Spark web UI at http://localhost:4040
20/09/16 09:34:44 INFO MapOutputTrackerMasterEndpoint: MapOutputTrackerMasterEndpoint stopped!
20/09/16 09:34:44 INFO MemoryStore: MemoryStore cleared
20/09/16 09:34:44 INFO BlockManager: BlockManager stopped
20/09/16 09:34:44 INFO BlockManagerMaster: BlockManagerMaster stopped
20/09/16 09:34:44 INFO OutputCommitCoordinator$OutputCommitCoordinatorEndpoint: OutputCommitCoordinator stopped!
20/09/16 09:34:44 INFO SparkContext: Successfully stopped SparkContext
20/09/16 09:34:44 INFO ShutdownHookManager: Shutdown hook called
20/09/16 09:34:44 INFO ShutdownHookManager: Deleting directory /private/var/folders/x0/5r4_kc1577g8lq7dwpp0qdl00000gn/T/spark-f3c64017-ff57-4ccf-9aad-10e77389f96d
20/09/16 09:34:44 INFO ShutdownHookManager: Deleting directory /private/var/folders/x0/5r4_kc1577g8lq7dwpp0qdl00000gn/T/spark-ce83466d-d1ca-45f1-a293-1418a1649d17
